entboostIM/build/outputs/logs/manifest-merger-debug-report.txt
-- Merging decision tree log ---
manifest
ADDED from src\main\AndroidManifest.xml:2:1-428:12
INJECTED from src\main\AndroidManifest.xml:2:1-428:12
INJECTED from src\main\AndroidManifest.xml:2:1-428:12
INJECTED from src\main\AndroidManifest.xml:2:1-428:12
MERGED from [:hMSSdk] AndroidManifest.xml:2:1-9:12
MERGED from [com.android.support:support-v4:23.4.0] AndroidManifest.xml:17:1-24:12
INJECTED from src\main\AndroidManifest.xml:2:1-428:12
INJECTED from src\main\AndroidManifest.xml:2:1-428:12
INJECTED from src\main\AndroidManifest.xml:2:1-428:12
	package
		ADDED from src\main\AndroidManifest.xml:3:5-30
		INJECTED from src\main\AndroidManifest.xml
		INJECTED from src\main\AndroidManifest.xml
	android:versionName
		ADDED from src\main\AndroidManifest.xml:5:5-36
		INJECTED from src\main\AndroidManifest.xml
		INJECTED from src\main\AndroidManifest.xml
	xmlns:android
		ADDED from src\main\AndroidManifest.xml:2:11-69
	android:versionCode
		ADDED from src\main\AndroidManifest.xml:4:5-28
		INJECTED from src\main\AndroidManifest.xml
		INJECTED from src\main\AndroidManifest.xml
uses-permission#android.permission.INTERNET
ADDED from src\main\AndroidManifest.xml:9:5-67
	android:name
		ADDED from src\main\AndroidManifest.xml:9:22-64
uses-permission#android.permission.ACCESS_NETWORK_STATE
ADDED from src\main\AndroidManifest.xml:11:5-79
	android:name
		ADDED from src\main\AndroidManifest.xml:11:22-76
uses-permission#android.permission.ACCESS_WIFI_STATE
ADDED from src\main\AndroidManifest.xml:12:5-75
	android:name
		ADDED from src\main\AndroidManifest.xml:12:22-73
uses-permission#android.permission.READ_PHONE_STATE
ADDED from src\main\AndroidManifest.xml:14:5-75
	android:name
		ADDED from src\main\AndroidManifest.xml:14:22-72
uses-permission#android.permission.WRITE_EXTERNAL_STORAGE
ADDED from src\main\AndroidManifest.xml:16:5-81
	android:name
		ADDED from src\main\AndroidManifest.xml:16:22-78
uses-permission#android.permission.READ_EXTERNAL_STORAGE
ADDED from src\main\AndroidManifest.xml:18:5-80
	android:name
		ADDED from src\main\AndroidManifest.xml:18:22-77
uses-permission#android.permission.RECORD_AUDIO
ADDED from src\main\AndroidManifest.xml:20:5-71
	android:name
		ADDED from src\main\AndroidManifest.xml:20:22-68
uses-permission#android.permission.BLUETOOTH
ADDED from src\main\AndroidManifest.xml:22:5-68
	android:name
		ADDED from src\main\AndroidManifest.xml:22:22-65
uses-permission#android.permission.GET_TASKS
ADDED from src\main\AndroidManifest.xml:24:5-68
	android:name
		ADDED from src\main\AndroidManifest.xml:24:22-65
uses-permission#com.android.launcher.permission.INSTALL_SHORTCUT
ADDED from src\main\AndroidManifest.xml:26:5-88
	android:name
		ADDED from src\main\AndroidManifest.xml:26:22-85
uses-permission#com.android.launcher.permission.UNINSTALL_SHORTCUT
ADDED from src\main\AndroidManifest.xml:27:5-90
	android:name
		ADDED from src\main\AndroidManifest.xml:27:22-87
uses-permission#android.permission.WAKE_LOCK
ADDED from src\main\AndroidManifest.xml:29:2-65
	android:name
		ADDED from src\main\AndroidManifest.xml:29:19-62
uses-permission#android.permission.KILL_BACKGROUND_PROCESSES
ADDED from src\main\AndroidManifest.xml:31:2-81
	android:name
		ADDED from src\main\AndroidManifest.xml:31:19-78
uses-permission#android.permission.REQUEST_IGNORE_BATTERY_OPTIMIZATIONS
ADDED from src\main\AndroidManifest.xml:33:2-91
	android:name
		ADDED from src\main\AndroidManifest.xml:33:19-89
uses-permission#android.permission.RECEIVE_BOOT_COMPLETED
ADDED from src\main\AndroidManifest.xml:35:2-78
	android:name
		ADDED from src\main\AndroidManifest.xml:35:19-75
uses-permission#android.permission.CAMERA
ADDED from src\main\AndroidManifest.xml:37:2-61
	android:name
		ADDED from src\main\AndroidManifest.xml:37:19-59
uses-permission#android.permission.VIBRATE
ADDED from src\main\AndroidManifest.xml:39:2-63
	android:name
		ADDED from src\main\AndroidManifest.xml:39:19-60
permission#com.entboost.im.permission.MIPUSH_RECEIVE
ADDED from src\main\AndroidManifest.xml:43:2-45:47
	android:protectionLevel
		ADDED from src\main\AndroidManifest.xml:45:9-44
	android:name
		ADDED from src\main\AndroidManifest.xml:44:9-65
uses-permission#com.entboost.im.permission.MIPUSH_RECEIVE
ADDED from src\main\AndroidManifest.xml:47:5-81
	android:name
		ADDED from src\main\AndroidManifest.xml:47:22-78
application
ADDED from src\main\AndroidManifest.xml:50:5-426:19
MERGED from [com.android.support:support-v4:23.4.0] AndroidManifest.xml:22:5-20
MERGED from [com.android.support:support-v4:23.4.0] AndroidManifest.xml:22:5-20
	android:label
		ADDED from src\main\AndroidManifest.xml:55:9-41
	android:persistent
		ADDED from src\main\AndroidManifest.xml:53:9-34
	android:icon
		ADDED from src\main\AndroidManifest.xml:54:9-45
	android:allowBackup
		ADDED from src\main\AndroidManifest.xml:52:9-36
	android:theme
		ADDED from src\main\AndroidManifest.xml:56:9-40
	android:name
		ADDED from src\main\AndroidManifest.xml:51:9-60
meta-data#com.huawei.hms.client.appid
ADDED from src\main\AndroidManifest.xml:59:9-61:37
	android:value
		ADDED from src\main\AndroidManifest.xml:61:13-34
	android:name
		ADDED from src\main\AndroidManifest.xml:60:13-55
provider#com.huawei.hms.update.provider.UpdateProvider
ADDED from src\main\AndroidManifest.xml:63:9-68:20
	android:grantUriPermissions
		ADDED from src\main\AndroidManifest.xml:67:13-47
	android:authorities
		ADDED from src\main\AndroidManifest.xml:65:13-70
	android:exported
		ADDED from src\main\AndroidManifest.xml:66:13-37
	android:name
		ADDED from src\main\AndroidManifest.xml:64:13-73
receiver#com.entboost.im.push.HuaweiPushReceiver
ADDED from src\main\AndroidManifest.xml:71:9-86:20
	android:name
		ADDED from src\main\AndroidManifest.xml:71:19-73
intent-filter#action:name:com.huawei.android.push.intent.CLICK+action:name:com.huawei.android.push.intent.RECEIVE+action:name:com.huawei.android.push.intent.REGISTRATION+action:name:com.huawei.intent.action.PUSH_STATE
ADDED from src\main\AndroidManifest.xml:72:13-81:29
action#com.huawei.android.push.intent.REGISTRATION
ADDED from src\main\AndroidManifest.xml:74:17-86
	android:name
		ADDED from src\main\AndroidManifest.xml:74:25-83
action#com.huawei.android.push.intent.RECEIVE
ADDED from src\main\AndroidManifest.xml:76:17-81
	android:name
		ADDED from src\main\AndroidManifest.xml:76:25-78
action#com.huawei.android.push.intent.CLICK
ADDED from src\main\AndroidManifest.xml:78:17-79
	android:name
		ADDED from src\main\AndroidManifest.xml:78:25-76
action#com.huawei.intent.action.PUSH_STATE
ADDED from src\main\AndroidManifest.xml:80:17-78
	android:name
		ADDED from src\main\AndroidManifest.xml:80:25-75
meta-data#CS_cloud_ablitity
ADDED from src\main\AndroidManifest.xml:83:13-85:64
	android:value
		ADDED from src\main\AndroidManifest.xml:85:17-61
	android:name
		ADDED from src\main\AndroidManifest.xml:84:17-49
receiver#com.huawei.hms.support.api.push.PushEventReceiver
ADDED from src\main\AndroidManifest.xml:88:9-93:20
	android:name
		ADDED from src\main\AndroidManifest.xml:88:19-83
intent-filter#action:name:com.huawei.intent.action.PUSH
ADDED from src\main\AndroidManifest.xml:89:13-92:29
action#com.huawei.intent.action.PUSH
ADDED from src\main\AndroidManifest.xml:91:17-72
	android:name
		ADDED from src\main\AndroidManifest.xml:91:25-69
service#com.xiaomi.push.service.XMJobService
ADDED from src\main\AndroidManifest.xml:98:3-103:46
	android:process
		ADDED from src\main\AndroidManifest.xml:103:13-43
	android:enabled
		ADDED from src\main\AndroidManifest.xml:100:13-35
	android:exported
		ADDED from src\main\AndroidManifest.xml:101:13-37
	android:permission
		ADDED from src\main\AndroidManifest.xml:102:13-69
	android:name
		ADDED from src\main\AndroidManifest.xml:99:13-64
service#com.xiaomi.push.service.XMPushService
ADDED from src\main\AndroidManifest.xml:105:9-108:46
	android:process
		ADDED from src\main\AndroidManifest.xml:108:13-43
	android:enabled
		ADDED from src\main\AndroidManifest.xml:107:13-35
	android:name
		ADDED from src\main\AndroidManifest.xml:106:13-65
service#com.xiaomi.mipush.sdk.PushMessageHandler
ADDED from src\main\AndroidManifest.xml:110:9-113:39
	android:enabled
		ADDED from src\main\AndroidManifest.xml:112:13-35
	android:exported
		ADDED from src\main\AndroidManifest.xml:113:13-36
	android:name
		ADDED from src\main\AndroidManifest.xml:111:13-68
service#com.xiaomi.mipush.sdk.MessageHandleService
ADDED from src\main\AndroidManifest.xml:114:9-116:38
	android:enabled
		ADDED from src\main\AndroidManifest.xml:116:13-35
	android:name
		ADDED from src\main\AndroidManifest.xml:115:13-70
receiver#com.entboost.im.push.XiaoMiPushReceiver
ADDED from src\main\AndroidManifest.xml:119:9-131:20
	android:exported
		ADDED from src\main\AndroidManifest.xml:121:13-36
	android:name
		ADDED from src\main\AndroidManifest.xml:120:13-67
intent-filter#action:name:com.xiaomi.mipush.RECEIVE_MESSAGE
ADDED from src\main\AndroidManifest.xml:122:13-124:29
action#com.xiaomi.mipush.RECEIVE_MESSAGE
ADDED from src\main\AndroidManifest.xml:123:17-76
	android:name
		ADDED from src\main\AndroidManifest.xml:123:25-73
intent-filter#action:name:com.xiaomi.mipush.MESSAGE_ARRIVED
ADDED from src\main\AndroidManifest.xml:125:13-127:29
action#com.xiaomi.mipush.MESSAGE_ARRIVED
ADDED from src\main\AndroidManifest.xml:126:17-76
	android:name
		ADDED from src\main\AndroidManifest.xml:126:25-73
intent-filter#action:name:com.xiaomi.mipush.ERROR
ADDED from src\main\AndroidManifest.xml:128:13-130:29
action#com.xiaomi.mipush.ERROR
ADDED from src\main\AndroidManifest.xml:129:17-66
	android:name
		ADDED from src\main\AndroidManifest.xml:129:25-63
receiver#com.xiaomi.push.service.receivers.NetworkStatusReceiver
ADDED from src\main\AndroidManifest.xml:132:9-140:20
	android:exported
		ADDED from src\main\AndroidManifest.xml:134:13-36
	android:name
		ADDED from src\main\AndroidManifest.xml:133:13-83
intent-filter#action:name:android.net.conn.CONNECTIVITY_CHANGE+category:name:android.intent.category.DEFAULT
ADDED from src\main\AndroidManifest.xml:135:13-139:29
action#android.net.conn.CONNECTIVITY_CHANGE
ADDED from src\main\AndroidManifest.xml:136:17-79
	android:name
		ADDED from src\main\AndroidManifest.xml:136:25-76
category#android.intent.category.DEFAULT
ADDED from src\main\AndroidManifest.xml:138:17-76
	android:name
		ADDED from src\main\AndroidManifest.xml:138:27-73
receiver#com.xiaomi.push.service.receivers.PingReceiver
ADDED from src\main\AndroidManifest.xml:141:9-148:20
	android:process
		ADDED from src\main\AndroidManifest.xml:144:13-43
	android:exported
		ADDED from src\main\AndroidManifest.xml:143:13-37
	android:name
		ADDED from src\main\AndroidManifest.xml:142:13-74
intent-filter#action:name:com.xiaomi.push.PING_TIMER
ADDED from src\main\AndroidManifest.xml:145:13-147:29
action#com.xiaomi.push.PING_TIMER
ADDED from src\main\AndroidManifest.xml:146:17-69
	android:name
		ADDED from src\main\AndroidManifest.xml:146:25-66
receiver#com.entboost.im.receiver.BootReceiver
ADDED from src\main\AndroidManifest.xml:153:3-157:14
	android:name
		ADDED from src\main\AndroidManifest.xml:153:13-65
intent-filter#action:name:android.intent.action.BOOT_COMPLETED
ADDED from src\main\AndroidManifest.xml:154:7-156:23
action#android.intent.action.BOOT_COMPLETED
ADDED from src\main\AndroidManifest.xml:155:11-73
	android:name
		ADDED from src\main\AndroidManifest.xml:155:19-70
receiver#com.entboost.im.receiver.NotificationReceiver
ADDED from src\main\AndroidManifest.xml:159:3-160:14
	android:name
		ADDED from src\main\AndroidManifest.xml:159:13-73
service#com.entboost.im.service.MainService
ADDED from src\main\AndroidManifest.xml:163:3-164:19
	android:name
		ADDED from src\main\AndroidManifest.xml:163:12-62
service#net.yunim.service.EbClientService
ADDED from src\main\AndroidManifest.xml:166:3-167:19
	android:name
		ADDED from src\main\AndroidManifest.xml:166:12-60
activity#com.entboost.im.WelcomeActivity
ADDED from src\main\AndroidManifest.xml:169:9-180:20
	android:screenOrientation
		ADDED from src\main\AndroidManifest.xml:172:13-49
	android:label
		ADDED from src\main\AndroidManifest.xml:171:13-59
	android:configChanges
		ADDED from src\main\AndroidManifest.xml:174:13-102
	android:alwaysRetainTaskState
		ADDED from src\main\AndroidManifest.xml:175:13-49
	android:theme
		ADDED from src\main\AndroidManifest.xml:173:13-71
	android:name
		ADDED from src\main\AndroidManifest.xml:170:13-59
intent-filter#action:name:android.intent.action.MAIN+category:name:android.intent.category.LAUNCHER
ADDED from src\main\AndroidManifest.xml:176:13-179:29
action#android.intent.action.MAIN
ADDED from src\main\AndroidManifest.xml:177:17-69
	android:name
		ADDED from src\main\AndroidManifest.xml:177:25-66
category#android.intent.category.LAUNCHER
ADDED from src\main\AndroidManifest.xml:178:17-77
	android:name
		ADDED from src\main\AndroidManifest.xml:178:27-74
activity#com.entboost.im.user.LoginActivity
ADDED from src\main\AndroidManifest.xml:181:9-186:20
	android:screenOrientation
		ADDED from src\main\AndroidManifest.xml:184:13-49
	android:label
		ADDED from src\main\AndroidManifest.xml:183:13-47
	android:theme
		ADDED from src\main\AndroidManifest.xml:185:13-60
	android:name
		ADDED from src\main\AndroidManifest.xml:182:13-62
activity#com.entboost.im.MainActivity
ADDED from src\main\AndroidManifest.xml:187:9-192:20
	android:screenOrientation
		ADDED from src\main\AndroidManifest.xml:189:13-49
	android:excludeFromRecents
		ADDED from src\main\AndroidManifest.xml:190:13-47
	android:alwaysRetainTaskState
		ADDED from src\main\AndroidManifest.xml:191:13-49
	android:name
		ADDED from src\main\AndroidManifest.xml:188:13-56
activity#com.entboost.im.chat.ChatActivity
ADDED from src\main\AndroidManifest.xml:193:9-197:20
	android:screenOrientation
		ADDED from src\main\AndroidManifest.xml:196:13-49
	android:windowSoftInputMode
		ADDED from src\main\AndroidManifest.xml:195:13-55
	android:name
		ADDED from src\main\AndroidManifest.xml:194:13-61
activity#com.entboost.im.user.RegisterActivity
ADDED from src\main\AndroidManifest.xml:198:9-202:20
	android:screenOrientation
		ADDED from src\main\AndroidManifest.xml:201:13-49
	android:label
		ADDED from src\main\AndroidManifest.xml:200:13-60
	android:name
		ADDED from src\main\AndroidManifest.xml:199:13-65
activity#com.entboost.im.user.UserInfoActivity
ADDED from src\main\AndroidManifest.xml:203:9-207:20
	android:screenOrientation
		ADDED from src\main\AndroidManifest.xml:206:13-49
	android:label
		ADDED from src\main\AndroidManifest.xml:205:13-61
	android:name
		ADDED from src\main\AndroidManifest.xml:204:13-65
activity#com.entboost.im.user.InfoNameEditActivity
ADDED from src\main\AndroidManifest.xml:208:9-212:20
	android:screenOrientation
		ADDED from src\main\AndroidManifest.xml:211:13-49
	android:label
		ADDED from src\main\AndroidManifest.xml:210:13-66
	android:name
		ADDED from src\main\AndroidManifest.xml:209:13-69
activity#com.entboost.im.user.InfoDescriptionEditActivity
ADDED from src\main\AndroidManifest.xml:213:9-217:20
	android:screenOrientation
		ADDED from src\main\AndroidManifest.xml:216:13-49
	android:label
		ADDED from src\main\AndroidManifest.xml:215:13-73
	android:name
		ADDED from src\main\AndroidManifest.xml:214:13-76
activity#com.entboost.im.contact.ContactInfoActivity
ADDED from src\main\AndroidManifest.xml:218:9-222:20
	android:screenOrientation
		ADDED from src\main\AndroidManifest.xml:221:13-49
	android:label
		ADDED from src\main\AndroidManifest.xml:220:13-64
	android:name
		ADDED from src\main\AndroidManifest.xml:219:13-71
activity#com.entboost.im.setting.ChangePWDActivity
ADDED from src\main\AndroidManifest.xml:223:9-227:20
	android:screenOrientation
		ADDED from src\main\AndroidManifest.xml:226:13-49
	android:label
		ADDED from src\main\AndroidManifest.xml:225:13-62
	android:name
		ADDED from src\main\AndroidManifest.xml:224:13-69
activity#com.entboost.im.contact.ContactTextEditActivity
ADDED from src\main\AndroidManifest.xml:228:9-232:20
	android:screenOrientation
		ADDED from src\main\AndroidManifest.xml:231:13-49
	android:label
		ADDED from src\main\AndroidManifest.xml:230:13-69
	android:name
		ADDED from src\main\AndroidManifest.xml:229:13-75
activity#com.entboost.im.contact.ContactDescriptionActivity
ADDED from src\main\AndroidManifest.xml:233:9-237:20
	android:screenOrientation
		ADDED from src\main\AndroidManifest.xml:236:13-49
	android:label
		ADDED from src\main\AndroidManifest.xml:235:13-71
	android:name
		ADDED from src\main\AndroidManifest.xml:234:13-78
activity#com.entboost.im.group.DepartmentInfoActivity
ADDED from src\main\AndroidManifest.xml:238:9-242:20
	android:screenOrientation
		ADDED from src\main\AndroidManifest.xml:241:13-49
	android:label
		ADDED from src\main\AndroidManifest.xml:240:13-67
	android:name
		ADDED from src\main\AndroidManifest.xml:239:13-72
activity#com.entboost.im.group.PersonGroupInfoActivity
ADDED from src\main\AndroidManifest.xml:243:9-247:20
	android:screenOrientation
		ADDED from src\main\AndroidManifest.xml:246:13-49
	android:label
		ADDED from src\main\AndroidManifest.xml:245:13-68
	android:name
		ADDED from src\main\AndroidManifest.xml:244:13-73
activity#com.entboost.im.group.MemberInfoActivity
ADDED from src\main\AndroidManifest.xml:248:9-252:20
	android:screenOrientation
		ADDED from src\main\AndroidManifest.xml:251:13-49
	android:label
		ADDED from src\main\AndroidManifest.xml:250:13-63
	android:name
		ADDED from src\main\AndroidManifest.xml:249:13-68
activity#com.entboost.im.contact.SearchContactActivity
ADDED from src\main\AndroidManifest.xml:253:9-257:20
	android:screenOrientation
		ADDED from src\main\AndroidManifest.xml:256:13-49
	android:label
		ADDED from src\main\AndroidManifest.xml:255:13-66
	android:name
		ADDED from src\main\AndroidManifest.xml:254:13-73
activity#com.entboost.im.chat.CallListActivity
ADDED from src\main\AndroidManifest.xml:258:9-262:20
	android:screenOrientation
		ADDED from src\main\AndroidManifest.xml:261:13-49
	android:label
		ADDED from src\main\AndroidManifest.xml:260:13-61
	android:name
		ADDED from src\main\AndroidManifest.xml:259:13-65
activity#com.entboost.im.contact.AddContactActivity
ADDED from src\main\AndroidManifest.xml:263:9-267:20
	android:screenOrientation
		ADDED from src\main\AndroidManifest.xml:266:13-49
	android:label
		ADDED from src\main\AndroidManifest.xml:265:13-63
	android:name
		ADDED from src\main\AndroidManifest.xml:264:13-70
activity#com.entboost.im.contact.ContactGroupActivity
ADDED from src\main\AndroidManifest.xml:268:9-272:20
	android:screenOrientation
		ADDED from src\main\AndroidManifest.xml:271:13-49
	android:label
		ADDED from src\main\AndroidManifest.xml:270:13-65
	android:name
		ADDED from src\main\AndroidManifest.xml:269:13-72
activity#com.entboost.im.setting.SetLogonServiceAddrActivity
ADDED from src\main\AndroidManifest.xml:273:9-277:20
	android:screenOrientation
		ADDED from src\main\AndroidManifest.xml:276:13-49
	android:label
		ADDED from src\main\AndroidManifest.xml:275:13-74
	android:name
		ADDED from src\main\AndroidManifest.xml:274:13-79
activity#com.entboost.im.group.SelectHeadImgActivity
ADDED from src\main\AndroidManifest.xml:278:9-282:20
	android:screenOrientation
		ADDED from src\main\AndroidManifest.xml:281:13-49
	android:label
		ADDED from src\main\AndroidManifest.xml:280:13-67
	android:name
		ADDED from src\main\AndroidManifest.xml:279:13-71
activity#com.entboost.im.group.MemberListActivity
ADDED from src\main\AndroidManifest.xml:283:9-287:20
	android:screenOrientation
		ADDED from src\main\AndroidManifest.xml:286:13-49
	android:label
		ADDED from src\main\AndroidManifest.xml:285:13-63
	android:name
		ADDED from src\main\AndroidManifest.xml:284:13-68
activity#com.entboost.im.function.FunctionMainActivity
ADDED from src\main\AndroidManifest.xml:288:9-292:20
	android:screenOrientation
		ADDED from src\main\AndroidManifest.xml:291:13-49
	android:label
		ADDED from src\main\AndroidManifest.xml:290:13-65
	android:name
		ADDED from src\main\AndroidManifest.xml:289:13-73
activity#com.entboost.im.contact.DefaultUserInfoActivity
ADDED from src\main\AndroidManifest.xml:293:9-297:20
	android:screenOrientation
		ADDED from src\main\AndroidManifest.xml:296:13-49
	android:label
		ADDED from src\main\AndroidManifest.xml:295:13-69
	android:name
		ADDED from src\main\AndroidManifest.xml:294:13-75
activity#com.entboost.im.message.BroadcastMessageListActivity
ADDED from src\main\AndroidManifest.xml:299:9-303:20
	android:screenOrientation
		ADDED from src\main\AndroidManifest.xml:302:13-49
	android:label
		ADDED from src\main\AndroidManifest.xml:301:13-74
	android:name
		ADDED from src\main\AndroidManifest.xml:300:13-80
activity#com.entboost.im.message.BroadcastDetailActivity
ADDED from src\main\AndroidManifest.xml:304:9-308:20
	android:screenOrientation
		ADDED from src\main\AndroidManifest.xml:307:13-49
	android:label
		ADDED from src\main\AndroidManifest.xml:306:13-68
	android:name
		ADDED from src\main\AndroidManifest.xml:305:13-75
activity#com.entboost.im.chat.OnlineChatMsgActivity
ADDED from src\main\AndroidManifest.xml:309:9-313:20
	android:screenOrientation
		ADDED from src\main\AndroidManifest.xml:312:13-49
	android:label
		ADDED from src\main\AndroidManifest.xml:311:13-66
	android:name
		ADDED from src\main\AndroidManifest.xml:310:13-70
activity#com.entboost.im.group.PersonGroupEditActivity
ADDED from src\main\AndroidManifest.xml:314:9-318:20
	android:screenOrientation
		ADDED from src\main\AndroidManifest.xml:317:13-49
	android:label
		ADDED from src\main\AndroidManifest.xml:316:13-69
	android:name
		ADDED from src\main\AndroidManifest.xml:315:13-73
activity#com.entboost.im.group.PersonGroupSelectActivity
ADDED from src\main\AndroidManifest.xml:319:9-323:20
	android:screenOrientation
		ADDED from src\main\AndroidManifest.xml:322:13-49
	android:label
		ADDED from src\main\AndroidManifest.xml:321:13-71
	android:name
		ADDED from src\main\AndroidManifest.xml:320:13-75
activity#com.entboost.im.group.MemberSelectActivity
ADDED from src\main\AndroidManifest.xml:324:9-328:20
	android:screenOrientation
		ADDED from src\main\AndroidManifest.xml:327:13-49
	android:label
		ADDED from src\main\AndroidManifest.xml:326:13-65
	android:name
		ADDED from src\main\AndroidManifest.xml:325:13-70
activity#com.entboost.im.contact.SelectContactGroupActivity
ADDED from src\main\AndroidManifest.xml:329:9-333:20
	android:screenOrientation
		ADDED from src\main\AndroidManifest.xml:332:13-49
	android:label
		ADDED from src\main\AndroidManifest.xml:331:13-72
	android:name
		ADDED from src\main\AndroidManifest.xml:330:13-78
activity#com.entboost.im.group.DepartmentListActivity
ADDED from src\main\AndroidManifest.xml:334:9-338:20
	android:screenOrientation
		ADDED from src\main\AndroidManifest.xml:337:13-49
	android:label
		ADDED from src\main\AndroidManifest.xml:336:13-67
	android:name
		ADDED from src\main\AndroidManifest.xml:335:13-72
activity#com.entboost.im.chat.FileListActivity
ADDED from src\main\AndroidManifest.xml:339:9-343:20
	android:screenOrientation
		ADDED from src\main\AndroidManifest.xml:342:13-49
	android:label
		ADDED from src\main\AndroidManifest.xml:341:13-61
	android:name
		ADDED from src\main\AndroidManifest.xml:340:13-65
activity#com.entboost.im.chat.ForbidMinutesListActivity
ADDED from src\main\AndroidManifest.xml:344:9-348:20
	android:screenOrientation
		ADDED from src\main\AndroidManifest.xml:347:13-49
	android:label
		ADDED from src\main\AndroidManifest.xml:346:13-71
	android:name
		ADDED from src\main\AndroidManifest.xml:345:13-74
activity#com.entboost.im.setting.AppVerActivity
ADDED from src\main\AndroidManifest.xml:349:9-353:20
	android:screenOrientation
		ADDED from src\main\AndroidManifest.xml:352:13-49
	android:label
		ADDED from src\main\AndroidManifest.xml:351:13-59
	android:name
		ADDED from src\main\AndroidManifest.xml:350:13-66
activity#com.entboost.im.setting.NotificationSettingActivity
ADDED from src\main\AndroidManifest.xml:354:10-358:20
	android:screenOrientation
		ADDED from src\main\AndroidManifest.xml:357:13-49
	android:label
		ADDED from src\main\AndroidManifest.xml:356:13-72
	android:name
		ADDED from src\main\AndroidManifest.xml:355:13-79
activity#com.entboost.im.group.EditGroupNameActivity
ADDED from src\main\AndroidManifest.xml:359:9-363:20
	android:screenOrientation
		ADDED from src\main\AndroidManifest.xml:362:13-49
	android:label
		ADDED from src\main\AndroidManifest.xml:361:13-67
	android:name
		ADDED from src\main\AndroidManifest.xml:360:13-71
activity#com.entboost.im.group.EditGroupTelActivity
ADDED from src\main\AndroidManifest.xml:364:9-367:20
	android:label
		ADDED from src\main\AndroidManifest.xml:366:13-75
	android:name
		ADDED from src\main\AndroidManifest.xml:365:13-70
activity#com.entboost.im.group.EditGroupFaxActivity
ADDED from src\main\AndroidManifest.xml:368:9-371:20
	android:label
		ADDED from src\main\AndroidManifest.xml:370:13-66
	android:name
		ADDED from src\main\AndroidManifest.xml:369:13-70
activity#com.entboost.im.group.EditGroupEmailActivity
ADDED from src\main\AndroidManifest.xml:372:9-375:20
	android:label
		ADDED from src\main\AndroidManifest.xml:374:13-68
	android:name
		ADDED from src\main\AndroidManifest.xml:373:13-72
activity#com.entboost.im.group.EditGroupHomeActivity
ADDED from src\main\AndroidManifest.xml:376:9-379:20
	android:label
		ADDED from src\main\AndroidManifest.xml:378:13-67
	android:name
		ADDED from src\main\AndroidManifest.xml:377:13-71
activity#com.entboost.im.group.EditGroupAddrActivity
ADDED from src\main\AndroidManifest.xml:380:9-383:20
	android:label
		ADDED from src\main\AndroidManifest.xml:382:13-67
	android:name
		ADDED from src\main\AndroidManifest.xml:381:13-71
activity#com.entboost.im.chat.FullImageActivity
ADDED from src\main\AndroidManifest.xml:384:9-388:20
	android:label
		ADDED from src\main\AndroidManifest.xml:386:13-62
	android:theme
		ADDED from src\main\AndroidManifest.xml:387:13-71
	android:name
		ADDED from src\main\AndroidManifest.xml:385:13-66
activity#com.entboost.im.user.InfoUrlEditActivity
ADDED from src\main\AndroidManifest.xml:389:9-392:20
	android:label
		ADDED from src\main\AndroidManifest.xml:391:13-65
	android:name
		ADDED from src\main\AndroidManifest.xml:390:13-68
activity#com.entboost.im.user.InfoZipcodeEditActivity
ADDED from src\main\AndroidManifest.xml:393:9-396:20
	android:label
		ADDED from src\main\AndroidManifest.xml:395:13-69
	android:name
		ADDED from src\main\AndroidManifest.xml:394:13-72
activity#com.entboost.im.user.InfoTelEditActivity
ADDED from src\main\AndroidManifest.xml:397:9-400:20
	android:label
		ADDED from src\main\AndroidManifest.xml:399:13-65
	android:name
		ADDED from src\main\AndroidManifest.xml:398:13-68
activity#com.entboost.im.user.InfoMobileEditActivity
ADDED from src\main\AndroidManifest.xml:401:9-404:20
	android:label
		ADDED from src\main\AndroidManifest.xml:403:13-68
	android:name
		ADDED from src\main\AndroidManifest.xml:402:13-71
activity#com.entboost.im.user.InfoEmailEditActivity
ADDED from src\main\AndroidManifest.xml:405:9-408:20
	android:label
		ADDED from src\main\AndroidManifest.xml:407:13-67
	android:name
		ADDED from src\main\AndroidManifest.xml:406:13-70
activity#com.entboost.im.user.InfoAddrEditActivity
ADDED from src\main\AndroidManifest.xml:409:9-412:20
	android:label
		ADDED from src\main\AndroidManifest.xml:411:13-66
	android:name
		ADDED from src\main\AndroidManifest.xml:410:13-69
activity#com.entboost.im.push.HuaweiResolveErrorActivity
ADDED from src\main\AndroidManifest.xml:413:9-416:20
	android:label
		ADDED from src\main\AndroidManifest.xml:415:13-77
	android:name
		ADDED from src\main\AndroidManifest.xml:414:13-75
activity#com.entboost.im.setting.CheckVersionActivity
ADDED from src\main\AndroidManifest.xml:417:9-420:20
	android:label
		ADDED from src\main\AndroidManifest.xml:419:13-70
	android:name
		ADDED from src\main\AndroidManifest.xml:418:13-72
activity#com.entboost.im.setting.SecuritySettingActivity
ADDED from src\main\AndroidManifest.xml:421:9-424:20
	android:label
		ADDED from src\main\AndroidManifest.xml:423:13-73
	android:name
		ADDED from src\main\AndroidManifest.xml:422:13-75
uses-sdk
INJECTED from src\main\AndroidManifest.xml reason: use-sdk injection requested
INJECTED from src\main\AndroidManifest.xml
INJECTED from src\main\AndroidManifest.xml
MERGED from [:hMSSdk] AndroidManifest.xml:5:5-7:41
MERGED from [:hMSSdk] AndroidManifest.xml:5:5-7:41
MERGED from [com.android.support:support-v4:23.4.0] AndroidManifest.xml:20:5-43
MERGED from [com.android.support:support-v4:23.4.0] AndroidManifest.xml:20:5-43
INJECTED from src\main\AndroidManifest.xml
INJECTED from src\main\AndroidManifest.xml
	android:targetSdkVersion
		INJECTED from src\main\AndroidManifest.xml
		ADDED from src\main\AndroidManifest.xml
		INJECTED from src\main\AndroidManifest.xml
	android:minSdkVersion
		INJECTED from src\main\AndroidManifest.xml
		ADDED from src\main\AndroidManifest.xml
		INJECTED from src\main\AndroidManifest.xml